Using pre-set license
Built from '2020.3/release' branch; Version is '2020.3.27f1 (e759542391ea) revision 15161684'; Using compiler version '192528614'; Build Type 'Release'
OS: 'Windows 11  (10.0.22543) 64bit Professional' Language: 'en' Physical Memory: 8084 MB
BatchMode: 1, IsHumanControllingUs: 0, StartBugReporterOnCrash: 0, Is64bit: 1, IsPro: 0

COMMAND LINE ARGUMENTS:
D:\Important Programs\GameDev Stuff\Unity 2020.3.27f1\Editor\Unity.exe
-adb2
-batchMode
-noUpm
-name
AssetImportWorker10
-projectPath
D:/MyStuff/Files/.mySpace/Projects/games/unity/PFE/FlatLand/FlatLand
-logFile
Logs/AssetImportWorker10.log
-srvPort
56410
Successfully changed project path to: D:/MyStuff/Files/.mySpace/Projects/games/unity/PFE/FlatLand/FlatLand
D:/MyStuff/Files/.mySpace/Projects/games/unity/PFE/FlatLand/FlatLand
Using Asset Import Pipeline V2.
Refreshing native plugins compatible for Editor in 1042.12 ms, found 2 plugins.
Preloading 0 native plugins for Editor in 0.00 ms.
Initialize engine version: 2020.3.27f1 (e759542391ea)
[Subsystems] Discovering subsystems at path D:/Important Programs/GameDev Stuff/Unity 2020.3.27f1/Editor/Data/Resources/UnitySubsystems
[Subsystems] Discovering subsystems at path D:/MyStuff/Files/.mySpace/Projects/games/unity/PFE/FlatLand/FlatLand/Assets
GfxDevice: creating device client; threaded=0
Direct3D:
    Version:  Direct3D 11.0 [level 11.1]
    Renderer: Intel(R) HD Graphics 620 (ID=0x5916)
    Vendor:   
    VRAM:     4042 MB
    Driver:   21.20.16.4542
