Using pre-set license
Built from '2020.3/release' branch; Version is '2020.3.27f1 (e759542391ea) revision 15161684'; Using compiler version '192528614'; Build Type 'Release'
OS: 'Windows 11  (10.0.22543) 64bit Professional' Language: 'en' Physical Memory: 8084 MB
BatchMode: 1, IsHumanControllingUs: 0, StartBugReporterOnCrash: 0, Is64bit: 1, IsPro: 0

COMMAND LINE ARGUMENTS:
D:\Important Programs\GameDev Stuff\Unity 2020.3.27f1\Editor\Unity.exe
-adb2
-batchMode
-noUpm
-name
AssetImportWorker22
-projectPath
D:/MyStuff/Files/.mySpace/Projects/games/unity/PFE/FlatLand/FlatLand
-logFile
Logs/AssetImportWorker22.log
-srvPort
56410
Successfully changed project path to: D:/MyStuff/Files/.mySpace/Projects/games/unity/PFE/FlatLand/FlatLand
D:/MyStuff/Files/.mySpace/Projects/games/unity/PFE/FlatLand/FlatLand
Using Asset Import Pipeline V2.
